d:\svn\prog1a\9 - classes et audio\correctionobstacles\demosfml\x64\release\vc142.pdb
d:\svn\prog1a\9 - classes et audio\correctionobstacles\demosfml\x64\release\vaisseau.obj
d:\svn\prog1a\9 - classes et audio\correctionobstacles\demosfml\x64\release\update.obj
d:\svn\prog1a\9 - classes et audio\correctionobstacles\demosfml\x64\release\obstacle.obj
d:\svn\prog1a\9 - classes et audio\correctionobstacles\demosfml\x64\release\joueur.obj
d:\svn\prog1a\9 - classes et audio\correctionobstacles\demosfml\x64\release\init.obj
d:\svn\prog1a\9 - classes et audio\correctionobstacles\demosfml\x64\release\gamedata.obj
d:\svn\prog1a\9 - classes et audio\correctionobstacles\demosfml\x64\release\display.obj
d:\svn\prog1a\9 - classes et audio\correctionobstacles\demosfml\x64\release\demosfml.obj
d:\svn\prog1a\9 - classes et audio\correctionobstacles\demosfml\x64\release\definitions.obj
d:\svn\prog1a\demosfml\x64\release\demosfml.iobj
d:\svn\prog1a\9 - classes et audio\correctionbase\x64\release\demosfml.iobj
d:\svn\prog1a\9 - classes et audio\correctionobstacles\x64\release\demosfml.iobj
d:\svn\prog1a\9 - classes et audio\correctionobstacles\x64\release\demosfml.exe
d:\svn\prog1a\9 - classes et audio\correctionobstacles\demosfml\x64\release\demosfml.ipdb
d:\svn\prog1a\9 - classes et audio\correctionobstacles\demosfml\x64\release\demosfml.iobj
d:\svn\prog1a\9 - classes et audio\correctionobstacles\x64\release\demosfml.pdb
c:\users\admin\desktop\cours\7 - architecture\correction\demosfml\x64\release\definitions.obj
c:\users\admin\desktop\cours\7 - architecture\correction\demosfml\x64\release\demosfml.obj
c:\users\admin\desktop\cours\7 - architecture\correction\demosfml\x64\release\display.obj
c:\users\admin\desktop\cours\7 - architecture\correction\demosfml\x64\release\gamedata.obj
c:\users\admin\desktop\cours\7 - architecture\correction\demosfml\x64\release\init.obj
c:\users\admin\desktop\cours\7 - architecture\correction\demosfml\x64\release\joueur.obj
c:\users\admin\desktop\cours\7 - architecture\correction\demosfml\x64\release\obstacle.obj
c:\users\admin\desktop\cours\7 - architecture\correction\demosfml\x64\release\update.obj
c:\users\admin\desktop\cours\7 - architecture\correction\demosfml\x64\release\vaisseau.obj
c:\users\admin\desktop\cours\7 - architecture\correction\demosfml\x64\release\demosfml.ipdb
c:\users\admin\desktop\cours\7 - architecture\correction\demosfml\x64\release\demosfml.iobj
c:\users\admin\desktop\cours\7 - architecture\correction\x64\release\demosfml.exe
c:\users\admin\desktop\cours\7 - architecture\correction\demosfml\x64\release\demosfml.tlog\cl.command.1.tlog
c:\users\admin\desktop\cours\7 - architecture\correction\demosfml\x64\release\demosfml.tlog\cl.read.1.tlog
c:\users\admin\desktop\cours\7 - architecture\correction\demosfml\x64\release\demosfml.tlog\cl.write.1.tlog
c:\users\admin\desktop\cours\7 - architecture\correction\demosfml\x64\release\demosfml.tlog\demosfml.write.1u.tlog
c:\users\admin\desktop\cours\7 - architecture\correction\demosfml\x64\release\demosfml.tlog\link.command.1.tlog
c:\users\admin\desktop\cours\7 - architecture\correction\demosfml\x64\release\demosfml.tlog\link.read.1.tlog
c:\users\admin\desktop\cours\7 - architecture\correction\demosfml\x64\release\demosfml.tlog\link.write.1.tlog
